Cadence Genus(TM) Synthesis Solution.
Copyright 2022 Cadence Design Systems, Inc. All rights reserved worldwide.
Cadence and the Cadence logo are registered trademarks and Genus is a trademark
of Cadence Design Systems, Inc. in the United States and other countries.

[00:21:49.041346] Configured Lic search path (21.01-s002): /uusoc/facility/cad_tools/Cadence/common_license:/uusoc/facility/cad_tools/Mentor/common_license

Version: 21.15-s080_1, built Fri Sep 23 11:57:55 PDT 2022
Options: -help 
Date:    Fri Sep 08 00:21:49 2023
Host:    lnissrv4 (x86_64 w/Linux 4.18.0-372.13.1.el8_6.x86_64) (16cores*64cpus*2physical cpus*Intel(R) Xeon(R) Gold 6142 CPU @ 2.60GHz 22528KB) (526977172KB)
PID:     1387184
OS:      Red Hat Enterprise Linux release 8.7 (Ootpa)



***********************************************************************************************************
***********************************************************************************************************



Loading tool scripts...
Finished loading tool scripts (9 seconds elapsed).
Cadence Genus(TM) Synthesis Solution.
Copyright 2022 Cadence Design Systems, Inc. All rights reserved worldwide.
Cadence and the Cadence logo are registered trademarks and Genus is a trademark
of Cadence Design Systems, Inc. in the United States and other countries.

Usage: genus [-abort_on_error] [-batch] [-del_scale 10] 
          [-disable_user_startup] [-execute <string>]+ [-files <string>]+ 
          [-help] [-legacy_gui] [-legacy_ui] [-lic_stack <integer>] 
          [-lic_startup <string>] [-lic_startup_options <string>]+ [-log 
          <string>] [-no_gui] [-overwrite] [-version] [-wait <integer>] 

    [-abort_on_error]:
        exit on script error
    [-batch]:
        exit after processing files
    [-del_scale 10]:
        for low frequency designs (below 5kHz)
    [-disable_user_startup]:
        only read master init file
    [-execute <string>]+:
        command string to execute before '-files' processing
    [-files <string>]+:
        execute command file
    [-help]:
        print this message
    [-legacy_gui]:
        start tool with legacy GUI
    [-legacy_ui]:
        start tool with legacy UI
    [-lic_stack <integer>]:
        specify number of licenses for VDI/VDI_XL (max is 2)
    [-lic_startup <string>]:
        specifies one of the following licenses
            Genus_Synthesis
            Virtuoso_Digital_Implem
            Virtuoso_Digital_Implem_XL
    [-lic_startup_options <string>]+:
        checkout an option license at startup
            Genus_Low_Power_Opt
            Genus_Physical_Opt
            Vdixl_Capacity_Opt
    [-log <string>]:
        prefix for the .log and .cmd files. If two args are given like
        -log "a b" then the two names are used without any extenstion
        added. If the .log file already exists, an integer is appended
        to all the names to make the files unique.
    [-no_gui]:
        start with GUI disabled
    [-overwrite]:
        overwrite default logfiles
    [-version]:
        return program version information
    [-wait <integer>]:
        queue wait timeout in minutes


Lic Summary:
[00:21:58.083682] Cdslmd servers:/uusoc/facility/cad_tools/Cadence/common_license:/uusoc/facility/cad_tools/Mentor/common_license
[00:21:58.083696] Feature usage summary:

